<?xml version="1.0" encoding="UTF-8"?>
<!-- Generated by org.testng.reporters.JUnitReportReporter -->
<testsuite hostname="a5472b16ad595d8" failures="0" tests="1" name="firstartifact.Parameterstest" time="0.012" errors="0" timestamp="2025-07-19T11:56:53 IST" skipped="0">
  <testcase classname="firstartifact.Parameterstest" name="checkversion" time="0.012"/>
</testsuite> <!-- firstartifact.Parameterstest -->
