<?xml version="1.0" encoding="UTF-8"?>
<!-- Generated by org.testng.reporters.JUnitReportReporter -->
<testsuite hostname="a5472b16ad595d8" failures="0" tests="2" name="firstartifact.Xmlparameter" time="0.133" errors="0" timestamp="2025-07-31T21:22:34 IST" skipped="0">
  <testcase classname="firstartifact.Xmlparameter" name="logintest" time="0.106"/>
  <testcase classname="firstartifact.Xmlparameter" name="connection" time="0.027"/>
</testsuite> <!-- firstartifact.Xmlparameter -->
