<?xml version="1.0" encoding="UTF-8"?>
<!-- Generated by org.testng.reporters.JUnitReportReporter -->
<testsuite hostname="a5472b16ad595d8" failures="0" tests="6" name="firstartifact.Csvfiledataprovider" time="0.017" errors="0" timestamp="2025-07-25T23:43:38 IST" skipped="0">
  <testcase classname="firstartifact.Csvfiledataprovider" name="checkingcsvfiledata" time="0.002"/>
  <testcase classname="firstartifact.Csvfiledataprovider" name="checkingcsvfiledata" time="0.004"/>
  <testcase classname="firstartifact.Csvfiledataprovider" name="checkingcsvfiledata" time="0.003"/>
  <testcase classname="firstartifact.Csvfiledataprovider" name="checkingcsvfiledata" time="0.001"/>
  <testcase classname="firstartifact.Csvfiledataprovider" name="checkingcsvfiledata" time="0.001"/>
  <testcase classname="firstartifact.Csvfiledataprovider" name="checkingcsvfiledata" time="0.006"/>
  <system-out>
    <![CDATA[starting with reporter-----
this msg appears in testng reports as well
INFO level message---
WARN level message---]]>
  </system-out>
</testsuite> <!-- firstartifact.Csvfiledataprovider -->
