<?xml version="1.0" encoding="UTF-8"?>
<!-- Generated by org.testng.reporters.JUnitReportReporter -->
<testsuite hostname="a5472b16ad595d8" failures="0" tests="2" name="firstartifactlogs.Basiclogs" time="0.011" errors="0" timestamp="2025-07-26T00:42:43 IST" skipped="0">
  <testcase classname="firstartifactlogs.Basiclogs" name="printstmt" time="0.002"/>
  <testcase classname="firstartifactlogs.Basiclogs" name="errstmt" time="0.009"/>
</testsuite> <!-- firstartifactlogs.Basiclogs -->
