<?xml version="1.0" encoding="UTF-8"?>
<!-- Generated by org.testng.reporters.JUnitReportReporter -->
<testsuite hostname="a5472b16ad595d8" failures="0" tests="6" name="firstartifact.Csvfiledataprovider" time="0.087" errors="0" timestamp="2025-07-31T19:21:27 IST" skipped="0">
  <testcase classname="firstartifact.Csvfiledataprovider" name="checkingcsvfiledata" time="0.003"/>
  <testcase classname="firstartifact.Csvfiledataprovider" name="checkingcsvfiledata" time="0.005"/>
  <testcase classname="firstartifact.Csvfiledataprovider" name="checkingcsvfiledata" time="0.003"/>
  <testcase classname="firstartifact.Csvfiledataprovider" name="checkingcsvfiledata" time="0.003"/>
  <testcase classname="firstartifact.Csvfiledataprovider" name="checkingcsvfiledata" time="0.070"/>
  <testcase classname="firstartifact.Csvfiledataprovider" name="checkingcsvfiledata" time="0.003"/>
</testsuite> <!-- firstartifact.Csvfiledataprovider -->
