<?xml version="1.0" encoding="UTF-8"?>
<!-- Generated by org.testng.reporters.JUnitReportReporter -->
<testsuite hostname="a5472b16ad595d8" failures="0" tests="5" name="firstartifact.test2" time="0.019" errors="0" timestamp="2025-07-26T10:28:04 IST" skipped="2">
  <testcase classname="firstartifact.test2" name="add6" time="0.008"/>
  <testcase classname="firstartifact.test2" name="add4" time="0.004">
    <skipped/>
  </testcase> <!-- add4 -->
  <testcase classname="firstartifact.test2" name="add5" time="0.002"/>
  <testcase classname="firstartifact.test2" name="add3" time="0.005"/>
  <testcase classname="firstartifact.test2" name="add1">
    <skipped/>
  </testcase> <!-- add1 -->
</testsuite> <!-- firstartifact.test2 -->
