<?xml version="1.0" encoding="UTF-8"?>
<!-- Generated by org.testng.reporters.JUnitReportReporter -->
<testsuite hostname="a5472b16ad595d8" failures="0" tests="6" name="firstartifact.Csvdatacheck" time="0.016" errors="0" timestamp="2025-07-25T18:30:48 IST" skipped="0">
  <testcase classname="firstartifact.Csvdatacheck" name="checkingcsvfiledata" time="0.001"/>
  <testcase classname="firstartifact.Csvdatacheck" name="checkingcsvfiledata" time="0.001"/>
  <testcase classname="firstartifact.Csvdatacheck" name="checkingcsvfiledata" time="0.002"/>
  <testcase classname="firstartifact.Csvdatacheck" name="checkingcsvfiledata" time="0.007"/>
  <testcase classname="firstartifact.Csvdatacheck" name="checkingcsvfiledata" time="0.002"/>
  <testcase classname="firstartifact.Csvdatacheck" name="checkingcsvfiledata" time="0.003"/>
</testsuite> <!-- firstartifact.Csvdatacheck -->
