<?xml version="1.0" encoding="UTF-8"?>
<!-- Generated by org.testng.reporters.JUnitReportReporter -->
<testsuite hostname="a5472b16ad595d8" failures="0" tests="2" name="firstartifactlogs.log4j2usinglogger" time="0.070" errors="0" timestamp="2025-07-27T20:58:16 IST" skipped="0">
  <testcase classname="firstartifactlogs.log4j2usinglogger" name="log4jtest" time="0.064"/>
  <testcase classname="firstartifactlogs.log4j2usinglogger" name="parameterizedlog" time="0.006"/>
</testsuite> <!-- firstartifactlogs.log4j2usinglogger -->
