<?xml version="1.0" encoding="UTF-8"?>
<!-- Generated by org.testng.reporters.JUnitReportReporter -->
<testsuite hostname="a5472b16ad595d8" failures="0" tests="1" name="firstartifactlogs.Reporterlog" time="0.011" errors="0" timestamp="2025-07-26T09:08:11 IST" skipped="0">
  <testcase classname="firstartifactlogs.Reporterlog" name="testingreporter" time="0.011">
    <system-out>
      <![CDATA[starting with reporter-----
this msg appears in testng reports as well
INFO level message---
WARN level message---
ERROR level message---]]>
    </system-out>
  </testcase> <!-- testingreporter -->
  <system-out>
    <![CDATA[starting with reporter-----
this msg appears in testng reports as well
INFO level message---
WARN level message---
ERROR level message---]]>
  </system-out>
</testsuite> <!-- firstartifactlogs.Reporterlog -->
