<?xml version="1.0" encoding="UTF-8"?>
<!-- Generated by org.testng.reporters.JUnitReportReporter -->
<testsuite hostname="a5472b16ad595d8" failures="0" tests="5" name="firstartifact.Assertionstest" time="0.016" errors="0" timestamp="2025-07-26T00:56:08 IST" skipped="0">
  <testcase classname="firstartifact.Assertionstest" name="arrayequal" time="0.011"/>
  <testcase classname="firstartifact.Assertionstest" name="checknullornot" time="0.002"/>
  <testcase classname="firstartifact.Assertionstest" name="stringequals" time="0.001"/>
  <testcase classname="firstartifact.Assertionstest" name="sameornot" time="0.001"/>
  <testcase classname="firstartifact.Assertionstest" name="assertchecktrueorfalse" time="0.001"/>
</testsuite> <!-- firstartifact.Assertionstest -->
