<?xml version="1.0" encoding="UTF-8"?>
<!-- Generated by org.testng.reporters.JUnitReportReporter -->
<testsuite hostname="a5472b16ad595d8" failures="0" tests="2" name="firstartifact.Inheritancegroups" time="0.009" errors="0" timestamp="2025-07-25T23:43:38 IST" skipped="0">
  <testcase classname="firstartifact.Inheritancegroups" name="childmethod" time="0.004"/>
  <testcase classname="firstartifact.Inheritancegroups" name="parentmethod" time="0.005"/>
  <system-out>
    <![CDATA[starting with reporter-----
this msg appears in testng reports as well
INFO level message---
WARN level message---]]>
  </system-out>
</testsuite> <!-- firstartifact.Inheritancegroups -->
