<?xml version="1.0" encoding="UTF-8"?>
<!-- Generated by org.testng.reporters.JUnitReportReporter -->
<testsuite hostname="a5472b16ad595d8" failures="0" tests="5" name="firstartifact.test2" time="0.033" errors="0" timestamp="2025-07-31T21:27:48 IST" skipped="2">
  <testcase classname="firstartifact.test2" name="add6" time="0.015"/>
  <testcase classname="firstartifact.test2" name="add5" time="0.003"/>
  <testcase classname="firstartifact.test2" name="add4" time="0.012">
    <skipped/>
  </testcase> <!-- add4 -->
  <testcase classname="firstartifact.test2" name="add3" time="0.003"/>
  <testcase classname="firstartifact.test2" name="add1">
    <skipped/>
  </testcase> <!-- add1 -->
</testsuite> <!-- firstartifact.test2 -->
