<?xml version="1.0" encoding="UTF-8"?>
<!-- Generated by org.testng.reporters.JUnitReportReporter -->
<testsuite hostname="a5472b16ad595d8" failures="0" tests="2" name="firstartifact.FactoryTest" time="0.065" errors="0" timestamp="2025-07-27T20:57:53 IST" skipped="0">
  <testcase classname="firstartifact.FactoryTest" name="testspecificfeature" time="0.004"/>
  <testcase classname="firstartifact.FactoryTest" name="testbrowser" time="0.061"/>
</testsuite> <!-- firstartifact.FactoryTest -->
